40337
40330
40316
40305
40263
40229
40224
40223
40217
40216
40215
40214
40213
40212
40211
40182
40181
40180
40179
40178
40172
40171
40170
40155
40154
40153
40152
40151
40150
40149
40148
40145
40144
40142
40135
40129
40126
40113
40112
40111
40110
40109
40105
40098
40097
40096
40095
40094
40093
40092
40091
40090
40082
40080
40079
40076
40057
40056
40055
40054
40053
40050
40049
40046
40044
40040
40027
40023
40020
40019
40018
40017
40015
39983
39969
39968
39967
39955
39954
39947
39946
39945
39944
39943
39942
39937
39933
39932
39931
39930
39916
39907
39905
39904
39884
39882
39881
39880
39879
39878
39877
39876
39875
39869
39868
39867
39866
39865
39852
39845
39844
39835
39830
